TN:
SF:app.js
FNF:0
FNH:0
DA:1,3
DA:2,3
DA:3,3
DA:5,3
DA:6,3
DA:7,3
DA:8,3
DA:10,3
LF:8
LH:8
BRF:0
BRH:0
end_of_record
TN:
SF:controllers\moodController.js
FN:4,getMoodStats
FN:9,(anonymous_1)
FNF:2
FNH:2
FNDA:2,getMoodStats
FNDA:2,(anonymous_1)
DA:2,1
DA:5,2
DA:9,2
DA:10,2
DA:11,2
DA:14,1
LF:6
LH:6
BRDA:10,0,0,1
BRDA:10,0,1,1
BRF:2
BRH:2
end_of_record
TN:
SF:models\Mood.js
FNF:0
FNH:0
DA:1,6
DA:3,6
DA:13,6
LF:3
LH:3
BRF:0
BRH:0
end_of_record
TN:
SF:routes\moods.js
FN:7,(anonymous_0)
FN:22,(anonymous_1)
FN:32,(anonymous_2)
FN:45,(anonymous_3)
FN:65,(anonymous_4)
FN:82,(anonymous_5)
FNF:6
FNH:6
FNDA:4,(anonymous_0)
FNDA:2,(anonymous_1)
FNDA:2,(anonymous_2)
FNDA:4,(anonymous_3)
FNDA:1,(anonymous_4)
FNDA:1,(anonymous_5)
DA:1,3
DA:2,3
DA:3,3
DA:4,3
DA:7,3
DA:8,4
DA:9,4
DA:10,2
DA:12,2
DA:13,2
DA:14,2
DA:15,1
DA:17,1
DA:22,3
DA:23,2
DA:24,2
DA:25,1
DA:27,1
DA:32,3
DA:33,2
DA:34,2
DA:35,1
DA:36,1
DA:38,0
DA:40,1
DA:45,3
DA:46,4
DA:47,4
DA:48,4
DA:49,1
DA:51,3
DA:52,1
DA:53,1
DA:55,2
DA:60,2
DA:65,3
DA:66,1
DA:67,1
DA:68,0
DA:70,1
DA:71,1
DA:72,1
DA:73,0
DA:75,1
DA:77,0
DA:82,3
DA:83,1
DA:84,1
DA:85,1
DA:86,0
DA:88,1
DA:90,0
DA:94,3
LF:53
LH:47
BRDA:9,0,0,2
BRDA:9,0,1,2
BRDA:9,1,0,4
BRDA:9,1,1,3
BRDA:35,2,0,1
BRDA:35,2,1,0
BRDA:48,3,0,1
BRDA:48,3,1,3
BRDA:67,4,0,0
BRDA:67,4,1,1
BRDA:72,5,0,0
BRDA:72,5,1,1
BRDA:85,6,0,0
BRDA:85,6,1,1
BRF:14
BRH:10
end_of_record
TN:
SF:utils\spotify.js
FN:3,(anonymous_0)
FN:23,(anonymous_1)
FN:42,(anonymous_2)
FN:44,(anonymous_3)
FNF:4
FNH:4
FNDA:2,(anonymous_0)
FNDA:4,(anonymous_1)
FNDA:1,(anonymous_2)
FNDA:1,(anonymous_3)
DA:1,2
DA:3,2
DA:4,2
DA:5,2
DA:6,2
DA:16,1
DA:18,1
DA:19,1
DA:23,2
DA:24,4
DA:25,4
DA:32,4
DA:34,4
DA:42,1
DA:44,1
DA:50,3
DA:56,3
DA:57,1
DA:58,2
DA:59,1
DA:61,1
DA:66,2
LF:22
LH:22
BRDA:18,0,0,1
BRDA:18,0,1,1
BRDA:32,1,0,4
BRDA:32,1,1,0
BRDA:47,2,0,1
BRDA:47,2,1,1
BRDA:56,3,0,1
BRDA:56,3,1,2
BRDA:58,4,0,1
BRDA:58,4,1,1
BRF:10
BRH:9
end_of_record
