TN:
SF:app.js
FNF:0
FNH:0
DA:1,3
DA:2,3
DA:3,3
DA:5,3
DA:6,3
DA:7,3
DA:8,3
DA:10,3
LF:8
LH:8
BRF:0
BRH:0
end_of_record
TN:
SF:controllers\moodController.js
FN:4,getMoodStats
FN:9,(anonymous_1)
FNF:2
FNH:2
FNDA:2,getMoodStats
FNDA:2,(anonymous_1)
DA:2,1
DA:5,2
DA:9,2
DA:10,2
DA:11,2
DA:14,1
LF:6
LH:6
BRDA:10,0,0,1
BRDA:10,0,1,1
BRF:2
BRH:2
end_of_record
TN:
SF:models\Mood.js
FNF:0
FNH:0
DA:1,6
DA:3,6
DA:13,6
LF:3
LH:3
BRF:0
BRH:0
end_of_record
TN:
SF:routes\moods.js
FN:7,(anonymous_0)
FN:19,(anonymous_1)
FN:29,(anonymous_2)
FN:39,(anonymous_3)
FN:46,(anonymous_4)
FN:56,(anonymous_5)
FN:86,(anonymous_6)
FNF:7
FNH:5
FNDA:2,(anonymous_0)
FNDA:1,(anonymous_1)
FNDA:1,(anonymous_2)
FNDA:0,(anonymous_3)
FNDA:0,(anonymous_4)
FNDA:4,(anonymous_5)
FNDA:1,(anonymous_6)
DA:1,3
DA:2,3
DA:3,3
DA:4,3
DA:7,3
DA:8,2
DA:9,2
DA:10,2
DA:11,2
DA:12,2
DA:14,0
DA:19,3
DA:20,1
DA:21,1
DA:22,1
DA:24,0
DA:29,3
DA:30,1
DA:31,1
DA:32,1
DA:34,0
DA:39,3
DA:40,0
DA:41,0
DA:46,0
DA:47,0
DA:49,0
DA:51,0
DA:56,3
DA:57,4
DA:58,4
DA:59,4
DA:61,3
DA:62,1
DA:64,1
DA:70,2
DA:77,2
DA:86,3
DA:87,1
DA:88,1
DA:89,1
DA:94,1
DA:95,0
DA:97,1
DA:99,0
DA:103,3
LF:46
LH:35
BRDA:47,0,0,0
BRDA:47,0,1,0
BRDA:59,1,0,1
BRDA:59,1,1,3
BRDA:80,2,0,2
BRDA:80,2,1,2
BRDA:94,3,0,0
BRDA:94,3,1,1
BRF:8
BRH:5
end_of_record
TN:
SF:utils\spotify.js
FN:3,(anonymous_0)
FN:23,(anonymous_1)
FN:42,(anonymous_2)
FN:44,(anonymous_3)
FNF:4
FNH:4
FNDA:2,(anonymous_0)
FNDA:4,(anonymous_1)
FNDA:1,(anonymous_2)
FNDA:1,(anonymous_3)
DA:1,2
DA:3,2
DA:4,2
DA:5,2
DA:6,2
DA:16,1
DA:18,1
DA:19,1
DA:23,2
DA:24,4
DA:25,4
DA:32,4
DA:34,4
DA:42,1
DA:44,1
DA:50,3
DA:59,3
DA:60,1
DA:61,2
DA:62,1
DA:64,1
DA:69,2
LF:22
LH:22
BRDA:18,0,0,1
BRDA:18,0,1,1
BRDA:32,1,0,4
BRDA:32,1,1,0
BRDA:47,2,0,1
BRDA:47,2,1,1
BRDA:55,3,0,3
BRDA:55,3,1,0
BRDA:59,4,0,1
BRDA:59,4,1,2
BRDA:61,5,0,1
BRDA:61,5,1,1
BRF:12
BRH:10
end_of_record
